# JRE version: OpenJDK Runtime Environment Temurin-21.0.7+6 (21.0.7+6) (build 21.0.7+6-LTS)
# Java VM: OpenJDK 64-Bit Server VM Temurin-21.0.7+6 (21.0.7+6-LTS, mixed mode, sharing, tiered, compressed oops, compressed class ptrs, parallel gc, windows-amd64)
GC Precious Log:
 CardTable entry size: 512
 CPUs: 8 total, 8 available
 Memory: 5965M
 Large Page Support: Disabled
 NUMA Support: Disabled
 Compressed Oops: Enabled (32-bit)
 Alignments: Space 512K, Generation 512K, Heap 2M
 Heap Min Capacity: 100M
 Heap Initial Capacity: 100M
 Heap Max Capacity: 2G
 Pre-touch: Disabled
 Parallel Workers: 8
Heap:
 PSYoungGen      total 22528K, used 19428K [0x00000000d5580000, 0x00000000d6e00000, 0x0000000100000000)
  eden space 20480K, 87% used [0x00000000d5580000,0x00000000d66f10c0,0x00000000d6980000)
  from space 2048K, 76% used [0x00000000d6c00000,0x00000000d6d88000,0x00000000d6e00000)
  to   space 2048K, 0% used [0x00000000d6a00000,0x00000000d6a00000,0x00000000d6c00000)
 ParOldGen       total 68608K, used 33106K [0x0000000080000000, 0x0000000084300000, 0x00000000d5580000)
  object space 68608K, 48% used [0x0000000080000000,0x0000000082054b80,0x0000000084300000)
 Metaspace       used 44615K, committed 45696K, reserved 1114112K
  class space    used 4408K, committed 4928K, reserved 1048576K
GC Heap History (20 events):
Event: 13.235 GC heap before
{Heap before GC invocations=17 (full 1):
 PSYoungGen      total 24064K, used 23776K [0x00000000d5580000, 0x00000000d6f80000, 0x0000000100000000)
  eden space 21504K, 100% used [0x00000000d5580000,0x00000000d6a80000,0x00000000d6a80000)
  from space 2560K, 88% used [0x00000000d6a80000,0x00000000d6cb8000,0x00000000d6d00000)
  to   space 2560K, 0% used [0x00000000d6d00000,0x00000000d6d00000,0x00000000d6f80000)
 ParOldGen       total 68608K, used 23691K [0x0000000080000000, 0x0000000084300000, 0x00000000d5580000)
  object space 68608K, 34% used [0x0000000080000000,0x0000000081722f30,0x0000000084300000)
 Metaspace       used 33068K, committed 34048K, reserved 1114112K
  class space    used 3261K, committed 3712K, reserved 1048576K
}
Event: 13.239 GC heap after
{Heap after GC invocations=17 (full 1):
 PSYoungGen      total 24064K, used 2456K [0x00000000d5580000, 0x00000000d6f80000, 0x0000000100000000)
  eden space 21504K, 0% used [0x00000000d5580000,0x00000000d5580000,0x00000000d6a80000)
  from space 2560K, 95% used [0x00000000d6d00000,0x00000000d6f66210,0x00000000d6f80000)
  to   space 2560K, 0% used [0x00000000d6a80000,0x00000000d6a80000,0x00000000d6d00000)
 ParOldGen       total 68608K, used 25851K [0x0000000080000000, 0x0000000084300000, 0x00000000d5580000)
  object space 68608K, 37% used [0x0000000080000000,0x000000008193ef30,0x0000000084300000)
 Metaspace       used 33068K, committed 34048K, reserved 1114112K
  class space    used 3261K, committed 3712K, reserved 1048576K
}
Event: 13.375 GC heap before
{Heap before GC invocations=18 (full 1):
 PSYoungGen      total 24064K, used 23960K [0x00000000d5580000, 0x00000000d6f80000, 0x0000000100000000)
  eden space 21504K, 100% used [0x00000000d5580000,0x00000000d6a80000,0x00000000d6a80000)
  from space 2560K, 95% used [0x00000000d6d00000,0x00000000d6f66210,0x00000000d6f80000)
  to   space 2560K, 0% used [0x00000000d6a80000,0x00000000d6a80000,0x00000000d6d00000)
 ParOldGen       total 68608K, used 25851K [0x0000000080000000, 0x0000000084300000, 0x00000000d5580000)
  object space 68608K, 37% used [0x0000000080000000,0x000000008193ef30,0x0000000084300000)
 Metaspace       used 34183K, committed 35136K, reserved 1114112K
  class space    used 3396K, committed 3840K, reserved 1048576K
}
Event: 13.379 GC heap after
{Heap after GC invocations=18 (full 1):
 PSYoungGen      total 24064K, used 1986K [0x00000000d5580000, 0x00000000d6f80000, 0x0000000100000000)
  eden space 21504K, 0% used [0x00000000d5580000,0x00000000d5580000,0x00000000d6a80000)
  from space 2560K, 77% used [0x00000000d6a80000,0x00000000d6c70a60,0x00000000d6d00000)
  to   space 2560K, 0% used [0x00000000d6d00000,0x00000000d6d00000,0x00000000d6f80000)
 ParOldGen       total 68608K, used 28212K [0x0000000080000000, 0x0000000084300000, 0x00000000d5580000)
  object space 68608K, 41% used [0x0000000080000000,0x0000000081b8d140,0x0000000084300000)
 Metaspace       used 34183K, committed 35136K, reserved 1114112K
  class space    used 3396K, committed 3840K, reserved 1048576K
}
Event: 13.403 GC heap before
{Heap before GC invocations=19 (full 1):
 PSYoungGen      total 24064K, used 5540K [0x00000000d5580000, 0x00000000d6f80000, 0x0000000100000000)
  eden space 21504K, 16% used [0x00000000d5580000,0x00000000d58f8938,0x00000000d6a80000)
  from space 2560K, 77% used [0x00000000d6a80000,0x00000000d6c70a60,0x00000000d6d00000)
  to   space 2560K, 0% used [0x00000000d6d00000,0x00000000d6d00000,0x00000000d6f80000)
 ParOldGen       total 68608K, used 28212K [0x0000000080000000, 0x0000000084300000, 0x00000000d5580000)
  object space 68608K, 41% used [0x0000000080000000,0x0000000081b8d140,0x0000000084300000)
 Metaspace       used 34864K, committed 35840K, reserved 1114112K
  class space    used 3454K, committed 3904K, reserved 1048576K
}
Event: 13.405 GC heap after
{Heap after GC invocations=19 (full 1):
 PSYoungGen      total 22016K, used 192K [0x00000000d5580000, 0x00000000d6d80000, 0x0000000100000000)
  eden space 21504K, 0% used [0x00000000d5580000,0x00000000d5580000,0x00000000d6a80000)
  from space 512K, 37% used [0x00000000d6d00000,0x00000000d6d30000,0x00000000d6d80000)
  to   space 1024K, 0% used [0x00000000d6b80000,0x00000000d6b80000,0x00000000d6c80000)
 ParOldGen       total 68608K, used 29876K [0x0000000080000000, 0x0000000084300000, 0x00000000d5580000)
  object space 68608K, 43% used [0x0000000080000000,0x0000000081d2d198,0x0000000084300000)
 Metaspace       used 34864K, committed 35840K, reserved 1114112K
  class space    used 3454K, committed 3904K, reserved 1048576K
}
Event: 13.406 GC heap before
{Heap before GC invocations=20 (full 2):
 PSYoungGen      total 22016K, used 192K [0x00000000d5580000, 0x00000000d6d80000, 0x0000000100000000)
  eden space 21504K, 0% used [0x00000000d5580000,0x00000000d5580000,0x00000000d6a80000)
  from space 512K, 37% used [0x00000000d6d00000,0x00000000d6d30000,0x00000000d6d80000)
  to   space 1024K, 0% used [0x00000000d6b80000,0x00000000d6b80000,0x00000000d6c80000)
 ParOldGen       total 68608K, used 29876K [0x0000000080000000, 0x0000000084300000, 0x00000000d5580000)
  object space 68608K, 43% used [0x0000000080000000,0x0000000081d2d198,0x0000000084300000)
 Metaspace       used 34864K, committed 35840K, reserved 1114112K
  class space    used 3454K, committed 3904K, reserved 1048576K
}
Event: 13.453 GC heap after
{Heap after GC invocations=20 (full 2):
 PSYoungGen      total 22016K, used 0K [0x00000000d5580000, 0x00000000d6d80000, 0x0000000100000000)
  eden space 21504K, 0% used [0x00000000d5580000,0x00000000d5580000,0x00000000d6a80000)
  from space 512K, 0% used [0x00000000d6d00000,0x00000000d6d00000,0x00000000d6d80000)
  to   space 1024K, 0% used [0x00000000d6b80000,0x00000000d6b80000,0x00000000d6c80000)
 ParOldGen       total 68608K, used 28552K [0x0000000080000000, 0x0000000084300000, 0x00000000d5580000)
  object space 68608K, 41% used [0x0000000080000000,0x0000000081be2298,0x0000000084300000)
 Metaspace       used 34801K, committed 35840K, reserved 1114112K
  class space    used 3437K, committed 3904K, reserved 1048576K
}
Event: 13.858 GC heap before
{Heap before GC invocations=21 (full 2):
 PSYoungGen      total 22016K, used 21504K [0x00000000d5580000, 0x00000000d6d80000, 0x0000000100000000)
  eden space 21504K, 100% used [0x00000000d5580000,0x00000000d6a80000,0x00000000d6a80000)
  from space 512K, 0% used [0x00000000d6d00000,0x00000000d6d00000,0x00000000d6d80000)
  to   space 1024K, 0% used [0x00000000d6b80000,0x00000000d6b80000,0x00000000d6c80000)
 ParOldGen       total 68608K, used 28552K [0x0000000080000000, 0x0000000084300000, 0x00000000d5580000)
  object space 68608K, 41% used [0x0000000080000000,0x0000000081be2298,0x0000000084300000)
 Metaspace       used 36749K, committed 37760K, reserved 1114112K
  class space    used 3648K, committed 4096K, reserved 1048576K
}
Event: 13.860 GC heap after
{Heap after GC invocations=21 (full 2):
 PSYoungGen      total 22528K, used 677K [0x00000000d5580000, 0x00000000d6d80000, 0x0000000100000000)
  eden space 21504K, 0% used [0x00000000d5580000,0x00000000d5580000,0x00000000d6a80000)
  from space 1024K, 66% used [0x00000000d6b80000,0x00000000d6c29558,0x00000000d6c80000)
  to   space 1024K, 0% used [0x00000000d6c80000,0x00000000d6c80000,0x00000000d6d80000)
 ParOldGen       total 68608K, used 28560K [0x0000000080000000, 0x0000000084300000, 0x00000000d5580000)
  object space 68608K, 41% used [0x0000000080000000,0x0000000081be4298,0x0000000084300000)
 Metaspace       used 36749K, committed 37760K, reserved 1114112K
  class space    used 3648K, committed 4096K, reserved 1048576K
}
Event: 14.228 GC heap before
{Heap before GC invocations=22 (full 2):
 PSYoungGen      total 22528K, used 22158K [0x00000000d5580000, 0x00000000d6d80000, 0x0000000100000000)
  eden space 21504K, 99% used [0x00000000d5580000,0x00000000d6a7a4b8,0x00000000d6a80000)
  from space 1024K, 66% used [0x00000000d6b80000,0x00000000d6c29558,0x00000000d6c80000)
  to   space 1024K, 0% used [0x00000000d6c80000,0x00000000d6c80000,0x00000000d6d80000)
 ParOldGen       total 68608K, used 28560K [0x0000000080000000, 0x0000000084300000, 0x00000000d5580000)
  object space 68608K, 41% used [0x0000000080000000,0x0000000081be4298,0x0000000084300000)
 Metaspace       used 38631K, committed 39616K, reserved 1114112K
  class space    used 3838K, committed 4288K, reserved 1048576K
}
Event: 14.230 GC heap after
{Heap after GC invocations=22 (full 2):
 PSYoungGen      total 21504K, used 1004K [0x00000000d5580000, 0x00000000d7080000, 0x0000000100000000)
  eden space 20480K, 0% used [0x00000000d5580000,0x00000000d5580000,0x00000000d6980000)
  from space 1024K, 98% used [0x00000000d6c80000,0x00000000d6d7b350,0x00000000d6d80000)
  to   space 3072K, 0% used [0x00000000d6980000,0x00000000d6980000,0x00000000d6c80000)
 ParOldGen       total 68608K, used 29962K [0x0000000080000000, 0x0000000084300000, 0x00000000d5580000)
  object space 68608K, 43% used [0x0000000080000000,0x0000000081d42b18,0x0000000084300000)
 Metaspace       used 38631K, committed 39616K, reserved 1114112K
  class space    used 3838K, committed 4288K, reserved 1048576K
}
Event: 14.292 GC heap before
{Heap before GC invocations=23 (full 2):
 PSYoungGen      total 21504K, used 21484K [0x00000000d5580000, 0x00000000d7080000, 0x0000000100000000)
  eden space 20480K, 100% used [0x00000000d5580000,0x00000000d6980000,0x00000000d6980000)
  from space 1024K, 98% used [0x00000000d6c80000,0x00000000d6d7b350,0x00000000d6d80000)
  to   space 3072K, 0% used [0x00000000d6980000,0x00000000d6980000,0x00000000d6c80000)
 ParOldGen       total 68608K, used 29962K [0x0000000080000000, 0x0000000084300000, 0x00000000d5580000)
  object space 68608K, 43% used [0x0000000080000000,0x0000000081d42b18,0x0000000084300000)
 Metaspace       used 38735K, committed 39680K, reserved 1114112K
  class space    used 3849K, committed 4288K, reserved 1048576K
}
Event: 14.293 GC heap after
{Heap after GC invocations=23 (full 2):
 PSYoungGen      total 21504K, used 725K [0x00000000d5580000, 0x00000000d6d00000, 0x0000000100000000)
  eden space 20480K, 0% used [0x00000000d5580000,0x00000000d5580000,0x00000000d6980000)
  from space 1024K, 70% used [0x00000000d6980000,0x00000000d6a357e8,0x00000000d6a80000)
  to   space 1536K, 0% used [0x00000000d6b80000,0x00000000d6b80000,0x00000000d6d00000)
 ParOldGen       total 68608K, used 31252K [0x0000000080000000, 0x0000000084300000, 0x00000000d5580000)
  object space 68608K, 45% used [0x0000000080000000,0x0000000081e85198,0x0000000084300000)
 Metaspace       used 38735K, committed 39680K, reserved 1114112K
  class space    used 3849K, committed 4288K, reserved 1048576K
}
Event: 14.389 GC heap before
{Heap before GC invocations=24 (full 2):
 PSYoungGen      total 21504K, used 21205K [0x00000000d5580000, 0x00000000d6d00000, 0x0000000100000000)
  eden space 20480K, 100% used [0x00000000d5580000,0x00000000d6980000,0x00000000d6980000)
  from space 1024K, 70% used [0x00000000d6980000,0x00000000d6a357e8,0x00000000d6a80000)
  to   space 1536K, 0% used [0x00000000d6b80000,0x00000000d6b80000,0x00000000d6d00000)
 ParOldGen       total 68608K, used 31252K [0x0000000080000000, 0x0000000084300000, 0x00000000d5580000)
  object space 68608K, 45% used [0x0000000080000000,0x0000000081e85198,0x0000000084300000)
 Metaspace       used 40085K, committed 41024K, reserved 1114112K
  class space    used 3967K, committed 4416K, reserved 1048576K
}
Event: 14.390 GC heap after
{Heap after GC invocations=24 (full 2):
 PSYoungGen      total 20992K, used 398K [0x00000000d5580000, 0x00000000d6c00000, 0x0000000100000000)
  eden space 20480K, 0% used [0x00000000d5580000,0x00000000d5580000,0x00000000d6980000)
  from space 512K, 77% used [0x00000000d6b80000,0x00000000d6be3a58,0x00000000d6c00000)
  to   space 1024K, 0% used [0x00000000d6a00000,0x00000000d6a00000,0x00000000d6b00000)
 ParOldGen       total 68608K, used 31316K [0x0000000080000000, 0x0000000084300000, 0x00000000d5580000)
  object space 68608K, 45% used [0x0000000080000000,0x0000000081e95198,0x0000000084300000)
 Metaspace       used 40085K, committed 41024K, reserved 1114112K
  class space    used 3967K, committed 4416K, reserved 1048576K
}
Event: 15.014 GC heap before
{Heap before GC invocations=25 (full 2):
 PSYoungGen      total 20992K, used 20878K [0x00000000d5580000, 0x00000000d6c00000, 0x0000000100000000)
  eden space 20480K, 100% used [0x00000000d5580000,0x00000000d6980000,0x00000000d6980000)
  from space 512K, 77% used [0x00000000d6b80000,0x00000000d6be3a58,0x00000000d6c00000)
  to   space 1024K, 0% used [0x00000000d6a00000,0x00000000d6a00000,0x00000000d6b00000)
 ParOldGen       total 68608K, used 31316K [0x0000000080000000, 0x0000000084300000, 0x00000000d5580000)
  object space 68608K, 45% used [0x0000000080000000,0x0000000081e95198,0x0000000084300000)
 Metaspace       used 41940K, committed 42944K, reserved 1114112K
  class space    used 4136K, committed 4608K, reserved 1048576K
}
Event: 15.016 GC heap after
{Heap after GC invocations=25 (full 2):
 PSYoungGen      total 21504K, used 1013K [0x00000000d5580000, 0x00000000d6e80000, 0x0000000100000000)
  eden space 20480K, 0% used [0x00000000d5580000,0x00000000d5580000,0x00000000d6980000)
  from space 1024K, 99% used [0x00000000d6a00000,0x00000000d6afd7f0,0x00000000d6b00000)
  to   space 2560K, 0% used [0x00000000d6c00000,0x00000000d6c00000,0x00000000d6e80000)
 ParOldGen       total 68608K, used 32117K [0x0000000080000000, 0x0000000084300000, 0x00000000d5580000)
  object space 68608K, 46% used [0x0000000080000000,0x0000000081f5d490,0x0000000084300000)
 Metaspace       used 41940K, committed 42944K, reserved 1114112K
  class space    used 4136K, committed 4608K, reserved 1048576K
}
Event: 15.592 GC heap before
{Heap before GC invocations=26 (full 2):
 PSYoungGen      total 21504K, used 21493K [0x00000000d5580000, 0x00000000d6e80000, 0x0000000100000000)
  eden space 20480K, 100% used [0x00000000d5580000,0x00000000d6980000,0x00000000d6980000)
  from space 1024K, 99% used [0x00000000d6a00000,0x00000000d6afd7f0,0x00000000d6b00000)
  to   space 2560K, 0% used [0x00000000d6c00000,0x00000000d6c00000,0x00000000d6e80000)
 ParOldGen       total 68608K, used 32117K [0x0000000080000000, 0x0000000084300000, 0x00000000d5580000)
  object space 68608K, 46% used [0x0000000080000000,0x0000000081f5d490,0x0000000084300000)
 Metaspace       used 43632K, committed 44672K, reserved 1114112K
  class space    used 4288K, committed 4800K, reserved 1048576K
}
Event: 15.596 GC heap after
{Heap after GC invocations=26 (full 2):
 PSYoungGen      total 22528K, used 1568K [0x00000000d5580000, 0x00000000d6e00000, 0x0000000100000000)
  eden space 20480K, 0% used [0x00000000d5580000,0x00000000d5580000,0x00000000d6980000)
  from space 2048K, 76% used [0x00000000d6c00000,0x00000000d6d88000,0x00000000d6e00000)
  to   space 2048K, 0% used [0x00000000d6a00000,0x00000000d6a00000,0x00000000d6c00000)
 ParOldGen       total 68608K, used 33106K [0x0000000080000000, 0x0000000084300000, 0x00000000d5580000)
  object space 68608K, 48% used [0x0000000080000000,0x0000000082054b80,0x0000000084300000)
 Metaspace       used 43632K, committed 44672K, reserved 1114112K
  class space    used 4288K, committed 4800K, reserved 1048576K
}

