# JRE version: OpenJDK Runtime Environment Temurin-21.0.7+6 (21.0.7+6) (build 21.0.7+6-LTS)
# Java VM: OpenJDK 64-Bit Server VM Temurin-21.0.7+6 (21.0.7+6-LTS, mixed mode, sharing, tiered, compressed oops, compressed class ptrs, parallel gc, windows-amd64)
GC Precious Log:
 CardTable entry size: 512
 CPUs: 8 total, 8 available
 Memory: 5965M
 Large Page Support: Disabled
 NUMA Support: Disabled
 Compressed Oops: Enabled (32-bit)
 Alignments: Space 512K, Generation 512K, Heap 2M
 Heap Min Capacity: 100M
 Heap Initial Capacity: 100M
 Heap Max Capacity: 2G
 Pre-touch: Disabled
 Parallel Workers: 8
Heap:
 PSYoungGen      total 5632K, used 5120K [0x00000000d5580000, 0x00000000d5c80000, 0x0000000100000000)
  eden space 4096K, 100% used [0x00000000d5580000,0x00000000d5980000,0x00000000d5980000)
  from space 1536K, 66% used [0x00000000d5980000,0x00000000d5a80000,0x00000000d5b00000)
  to   space 1536K, 70% used [0x00000000d5b00000,0x00000000d5c10000,0x00000000d5c80000)
 ParOldGen       total 280576K, used 280309K [0x0000000080000000, 0x0000000091200000, 0x00000000d5580000)
  object space 280576K, 99% used [0x0000000080000000,0x00000000911bd7b8,0x0000000091200000)
 Metaspace       used 64616K, committed 65984K, reserved 1114112K
  class space    used 6749K, committed 7360K, reserved 1048576K
GC Heap History (20 events):
Event: 27.024 GC heap after
{Heap after GC invocations=226 (full 3):
 PSYoungGen      total 5632K, used 1094K [0x00000000d5580000, 0x00000000d5c80000, 0x0000000100000000)
  eden space 4096K, 0% used [0x00000000d5580000,0x00000000d5580000,0x00000000d5980000)
  from space 1536K, 71% used [0x00000000d5980000,0x00000000d5a91920,0x00000000d5b00000)
  to   space 1536K, 0% used [0x00000000d5b00000,0x00000000d5b00000,0x00000000d5c80000)
 ParOldGen       total 272384K, used 272262K [0x0000000080000000, 0x0000000090a00000, 0x00000000d5580000)
  object space 272384K, 99% used [0x0000000080000000,0x00000000909e1890,0x0000000090a00000)
 Metaspace       used 64607K, committed 65984K, reserved 1114112K
  class space    used 6749K, committed 7360K, reserved 1048576K
}
Event: 27.070 GC heap before
{Heap before GC invocations=227 (full 3):
 PSYoungGen      total 5632K, used 5190K [0x00000000d5580000, 0x00000000d5c80000, 0x0000000100000000)
  eden space 4096K, 100% used [0x00000000d5580000,0x00000000d5980000,0x00000000d5980000)
  from space 1536K, 71% used [0x00000000d5980000,0x00000000d5a91920,0x00000000d5b00000)
  to   space 1536K, 0% used [0x00000000d5b00000,0x00000000d5b00000,0x00000000d5c80000)
 ParOldGen       total 272384K, used 272262K [0x0000000080000000, 0x0000000090a00000, 0x00000000d5580000)
  object space 272384K, 99% used [0x0000000080000000,0x00000000909e1890,0x0000000090a00000)
 Metaspace       used 64609K, committed 65984K, reserved 1114112K
  class space    used 6749K, committed 7360K, reserved 1048576K
}
Event: 27.075 GC heap after
{Heap after GC invocations=227 (full 3):
 PSYoungGen      total 5632K, used 1008K [0x00000000d5580000, 0x00000000d5c80000, 0x0000000100000000)
  eden space 4096K, 0% used [0x00000000d5580000,0x00000000d5580000,0x00000000d5980000)
  from space 1536K, 65% used [0x00000000d5b00000,0x00000000d5bfc2f0,0x00000000d5c80000)
  to   space 1536K, 0% used [0x00000000d5980000,0x00000000d5980000,0x00000000d5b00000)
 ParOldGen       total 273408K, used 273201K [0x0000000080000000, 0x0000000090b00000, 0x00000000d5580000)
  object space 273408K, 99% used [0x0000000080000000,0x0000000090acc7a0,0x0000000090b00000)
 Metaspace       used 64609K, committed 65984K, reserved 1114112K
  class space    used 6749K, committed 7360K, reserved 1048576K
}
Event: 27.101 GC heap before
{Heap before GC invocations=228 (full 3):
 PSYoungGen      total 5632K, used 5104K [0x00000000d5580000, 0x00000000d5c80000, 0x0000000100000000)
  eden space 4096K, 100% used [0x00000000d5580000,0x00000000d5980000,0x00000000d5980000)
  from space 1536K, 65% used [0x00000000d5b00000,0x00000000d5bfc2f0,0x00000000d5c80000)
  to   space 1536K, 0% used [0x00000000d5980000,0x00000000d5980000,0x00000000d5b00000)
 ParOldGen       total 273408K, used 273201K [0x0000000080000000, 0x0000000090b00000, 0x00000000d5580000)
  object space 273408K, 99% used [0x0000000080000000,0x0000000090acc7a0,0x0000000090b00000)
 Metaspace       used 64609K, committed 65984K, reserved 1114112K
  class space    used 6749K, committed 7360K, reserved 1048576K
}
Event: 27.104 GC heap after
{Heap after GC invocations=228 (full 3):
 PSYoungGen      total 5632K, used 1177K [0x00000000d5580000, 0x00000000d5c80000, 0x0000000100000000)
  eden space 4096K, 0% used [0x00000000d5580000,0x00000000d5580000,0x00000000d5980000)
  from space 1536K, 76% used [0x00000000d5980000,0x00000000d5aa6540,0x00000000d5b00000)
  to   space 1536K, 0% used [0x00000000d5b00000,0x00000000d5b00000,0x00000000d5c80000)
 ParOldGen       total 274432K, used 274090K [0x0000000080000000, 0x0000000090c00000, 0x00000000d5580000)
  object space 274432K, 99% used [0x0000000080000000,0x0000000090baaa48,0x0000000090c00000)
 Metaspace       used 64609K, committed 65984K, reserved 1114112K
  class space    used 6749K, committed 7360K, reserved 1048576K
}
Event: 27.129 GC heap before
{Heap before GC invocations=229 (full 3):
 PSYoungGen      total 5632K, used 5273K [0x00000000d5580000, 0x00000000d5c80000, 0x0000000100000000)
  eden space 4096K, 100% used [0x00000000d5580000,0x00000000d5980000,0x00000000d5980000)
  from space 1536K, 76% used [0x00000000d5980000,0x00000000d5aa6540,0x00000000d5b00000)
  to   space 1536K, 0% used [0x00000000d5b00000,0x00000000d5b00000,0x00000000d5c80000)
 ParOldGen       total 274432K, used 274090K [0x0000000080000000, 0x0000000090c00000, 0x00000000d5580000)
  object space 274432K, 99% used [0x0000000080000000,0x0000000090baaa48,0x0000000090c00000)
 Metaspace       used 64613K, committed 65984K, reserved 1114112K
  class space    used 6749K, committed 7360K, reserved 1048576K
}
Event: 27.133 GC heap after
{Heap after GC invocations=229 (full 3):
 PSYoungGen      total 5632K, used 1051K [0x00000000d5580000, 0x00000000d5c80000, 0x0000000100000000)
  eden space 4096K, 0% used [0x00000000d5580000,0x00000000d5580000,0x00000000d5980000)
  from space 1536K, 68% used [0x00000000d5b00000,0x00000000d5c06f20,0x00000000d5c80000)
  to   space 1536K, 0% used [0x00000000d5980000,0x00000000d5980000,0x00000000d5b00000)
 ParOldGen       total 275456K, used 275110K [0x0000000080000000, 0x0000000090d00000, 0x00000000d5580000)
  object space 275456K, 99% used [0x0000000080000000,0x0000000090ca9990,0x0000000090d00000)
 Metaspace       used 64613K, committed 65984K, reserved 1114112K
  class space    used 6749K, committed 7360K, reserved 1048576K
}
Event: 27.154 GC heap before
{Heap before GC invocations=230 (full 3):
 PSYoungGen      total 5632K, used 5117K [0x00000000d5580000, 0x00000000d5c80000, 0x0000000100000000)
  eden space 4096K, 99% used [0x00000000d5580000,0x00000000d59786b0,0x00000000d5980000)
  from space 1536K, 68% used [0x00000000d5b00000,0x00000000d5c06f20,0x00000000d5c80000)
  to   space 1536K, 0% used [0x00000000d5980000,0x00000000d5980000,0x00000000d5b00000)
 ParOldGen       total 275456K, used 275110K [0x0000000080000000, 0x0000000090d00000, 0x00000000d5580000)
  object space 275456K, 99% used [0x0000000080000000,0x0000000090ca9990,0x0000000090d00000)
 Metaspace       used 64614K, committed 65984K, reserved 1114112K
  class space    used 6749K, committed 7360K, reserved 1048576K
}
Event: 27.156 GC heap after
{Heap after GC invocations=230 (full 3):
 PSYoungGen      total 5632K, used 1093K [0x00000000d5580000, 0x00000000d5c80000, 0x0000000100000000)
  eden space 4096K, 0% used [0x00000000d5580000,0x00000000d5580000,0x00000000d5980000)
  from space 1536K, 71% used [0x00000000d5980000,0x00000000d5a916d8,0x00000000d5b00000)
  to   space 1536K, 0% used [0x00000000d5b00000,0x00000000d5b00000,0x00000000d5c80000)
 ParOldGen       total 276480K, used 276044K [0x0000000080000000, 0x0000000090e00000, 0x00000000d5580000)
  object space 276480K, 99% used [0x0000000080000000,0x0000000090d93120,0x0000000090e00000)
 Metaspace       used 64614K, committed 65984K, reserved 1114112K
  class space    used 6749K, committed 7360K, reserved 1048576K
}
Event: 27.187 GC heap before
{Heap before GC invocations=231 (full 3):
 PSYoungGen      total 5632K, used 5189K [0x00000000d5580000, 0x00000000d5c80000, 0x0000000100000000)
  eden space 4096K, 100% used [0x00000000d5580000,0x00000000d5980000,0x00000000d5980000)
  from space 1536K, 71% used [0x00000000d5980000,0x00000000d5a916d8,0x00000000d5b00000)
  to   space 1536K, 0% used [0x00000000d5b00000,0x00000000d5b00000,0x00000000d5c80000)
 ParOldGen       total 276480K, used 276044K [0x0000000080000000, 0x0000000090e00000, 0x00000000d5580000)
  object space 276480K, 99% used [0x0000000080000000,0x0000000090d93120,0x0000000090e00000)
 Metaspace       used 64614K, committed 65984K, reserved 1114112K
  class space    used 6749K, committed 7360K, reserved 1048576K
}
Event: 27.192 GC heap after
{Heap after GC invocations=231 (full 3):
 PSYoungGen      total 5632K, used 1134K [0x00000000d5580000, 0x00000000d5c80000, 0x0000000100000000)
  eden space 4096K, 0% used [0x00000000d5580000,0x00000000d5580000,0x00000000d5980000)
  from space 1536K, 73% used [0x00000000d5b00000,0x00000000d5c1bb80,0x00000000d5c80000)
  to   space 1536K, 0% used [0x00000000d5980000,0x00000000d5980000,0x00000000d5b00000)
 ParOldGen       total 276992K, used 276975K [0x0000000080000000, 0x0000000090e80000, 0x00000000d5580000)
  object space 276992K, 99% used [0x0000000080000000,0x0000000090e7bc38,0x0000000090e80000)
 Metaspace       used 64614K, committed 65984K, reserved 1114112K
  class space    used 6749K, committed 7360K, reserved 1048576K
}
Event: 27.214 GC heap before
{Heap before GC invocations=232 (full 3):
 PSYoungGen      total 5632K, used 5230K [0x00000000d5580000, 0x00000000d5c80000, 0x0000000100000000)
  eden space 4096K, 100% used [0x00000000d5580000,0x00000000d5980000,0x00000000d5980000)
  from space 1536K, 73% used [0x00000000d5b00000,0x00000000d5c1bb80,0x00000000d5c80000)
  to   space 1536K, 0% used [0x00000000d5980000,0x00000000d5980000,0x00000000d5b00000)
 ParOldGen       total 276992K, used 276975K [0x0000000080000000, 0x0000000090e80000, 0x00000000d5580000)
  object space 276992K, 99% used [0x0000000080000000,0x0000000090e7bc38,0x0000000090e80000)
 Metaspace       used 64615K, committed 65984K, reserved 1114112K
  class space    used 6749K, committed 7360K, reserved 1048576K
}
Event: 27.217 GC heap after
{Heap after GC invocations=232 (full 3):
 PSYoungGen      total 5632K, used 1088K [0x00000000d5580000, 0x00000000d5c80000, 0x0000000100000000)
  eden space 4096K, 0% used [0x00000000d5580000,0x00000000d5580000,0x00000000d5980000)
  from space 1536K, 70% used [0x00000000d5980000,0x00000000d5a90000,0x00000000d5b00000)
  to   space 1536K, 0% used [0x00000000d5b00000,0x00000000d5b00000,0x00000000d5c80000)
 ParOldGen       total 278016K, used 277962K [0x0000000080000000, 0x0000000090f80000, 0x00000000d5580000)
  object space 278016K, 99% used [0x0000000080000000,0x0000000090f72950,0x0000000090f80000)
 Metaspace       used 64615K, committed 65984K, reserved 1114112K
  class space    used 6749K, committed 7360K, reserved 1048576K
}
Event: 27.236 GC heap before
{Heap before GC invocations=233 (full 3):
 PSYoungGen      total 5632K, used 5184K [0x00000000d5580000, 0x00000000d5c80000, 0x0000000100000000)
  eden space 4096K, 100% used [0x00000000d5580000,0x00000000d5980000,0x00000000d5980000)
  from space 1536K, 70% used [0x00000000d5980000,0x00000000d5a90000,0x00000000d5b00000)
  to   space 1536K, 0% used [0x00000000d5b00000,0x00000000d5b00000,0x00000000d5c80000)
 ParOldGen       total 278016K, used 277962K [0x0000000080000000, 0x0000000090f80000, 0x00000000d5580000)
  object space 278016K, 99% used [0x0000000080000000,0x0000000090f72950,0x0000000090f80000)
 Metaspace       used 64615K, committed 65984K, reserved 1114112K
  class space    used 6749K, committed 7360K, reserved 1048576K
}
Event: 27.240 GC heap after
{Heap after GC invocations=233 (full 3):
 PSYoungGen      total 5632K, used 992K [0x00000000d5580000, 0x00000000d5c80000, 0x0000000100000000)
  eden space 4096K, 0% used [0x00000000d5580000,0x00000000d5580000,0x00000000d5980000)
  from space 1536K, 64% used [0x00000000d5b00000,0x00000000d5bf8000,0x00000000d5c80000)
  to   space 1536K, 0% used [0x00000000d5980000,0x00000000d5980000,0x00000000d5b00000)
 ParOldGen       total 279040K, used 278899K [0x0000000080000000, 0x0000000091080000, 0x00000000d5580000)
  object space 279040K, 99% used [0x0000000080000000,0x000000009105cd10,0x0000000091080000)
 Metaspace       used 64615K, committed 65984K, reserved 1114112K
  class space    used 6749K, committed 7360K, reserved 1048576K
}
Event: 27.266 GC heap before
{Heap before GC invocations=234 (full 3):
 PSYoungGen      total 5632K, used 5088K [0x00000000d5580000, 0x00000000d5c80000, 0x0000000100000000)
  eden space 4096K, 100% used [0x00000000d5580000,0x00000000d5980000,0x00000000d5980000)
  from space 1536K, 64% used [0x00000000d5b00000,0x00000000d5bf8000,0x00000000d5c80000)
  to   space 1536K, 0% used [0x00000000d5980000,0x00000000d5980000,0x00000000d5b00000)
 ParOldGen       total 279040K, used 278899K [0x0000000080000000, 0x0000000091080000, 0x00000000d5580000)
  object space 279040K, 99% used [0x0000000080000000,0x000000009105cd10,0x0000000091080000)
 Metaspace       used 64616K, committed 65984K, reserved 1114112K
  class space    used 6749K, committed 7360K, reserved 1048576K
}
Event: 27.269 GC heap after
{Heap after GC invocations=234 (full 3):
 PSYoungGen      total 5632K, used 1024K [0x00000000d5580000, 0x00000000d5c80000, 0x0000000100000000)
  eden space 4096K, 0% used [0x00000000d5580000,0x00000000d5580000,0x00000000d5980000)
  from space 1536K, 66% used [0x00000000d5980000,0x00000000d5a80000,0x00000000d5b00000)
  to   space 1536K, 0% used [0x00000000d5b00000,0x00000000d5b00000,0x00000000d5c80000)
 ParOldGen       total 280064K, used 279812K [0x0000000080000000, 0x0000000091180000, 0x00000000d5580000)
  object space 280064K, 99% used [0x0000000080000000,0x00000000911410c0,0x0000000091180000)
 Metaspace       used 64616K, committed 65984K, reserved 1114112K
  class space    used 6749K, committed 7360K, reserved 1048576K
}
Event: 27.288 GC heap before
{Heap before GC invocations=235 (full 3):
 PSYoungGen      total 5632K, used 5120K [0x00000000d5580000, 0x00000000d5c80000, 0x0000000100000000)
  eden space 4096K, 100% used [0x00000000d5580000,0x00000000d5980000,0x00000000d5980000)
  from space 1536K, 66% used [0x00000000d5980000,0x00000000d5a80000,0x00000000d5b00000)
  to   space 1536K, 0% used [0x00000000d5b00000,0x00000000d5b00000,0x00000000d5c80000)
 ParOldGen       total 280064K, used 279812K [0x0000000080000000, 0x0000000091180000, 0x00000000d5580000)
  object space 280064K, 99% used [0x0000000080000000,0x00000000911410c0,0x0000000091180000)
 Metaspace       used 64616K, committed 65984K, reserved 1114112K
  class space    used 6749K, committed 7360K, reserved 1048576K
}
Event: 27.293 GC heap after
{Heap after GC invocations=235 (full 3):
 PSYoungGen      total 5632K, used 5120K [0x00000000d5580000, 0x00000000d5c80000, 0x0000000100000000)
  eden space 4096K, 100% used [0x00000000d5580000,0x00000000d5980000,0x00000000d5980000)
  from space 1536K, 66% used [0x00000000d5980000,0x00000000d5a80000,0x00000000d5b00000)
  to   space 1536K, 70% used [0x00000000d5b00000,0x00000000d5c10000,0x00000000d5c80000)
 ParOldGen       total 280576K, used 280309K [0x0000000080000000, 0x0000000091200000, 0x00000000d5580000)
  object space 280576K, 99% used [0x0000000080000000,0x00000000911bd7b8,0x0000000091200000)
 Metaspace       used 64616K, committed 65984K, reserved 1114112K
  class space    used 6749K, committed 7360K, reserved 1048576K
}
Event: 27.293 GC heap before
{Heap before GC invocations=236 (full 4):
 PSYoungGen      total 5632K, used 5120K [0x00000000d5580000, 0x00000000d5c80000, 0x0000000100000000)
  eden space 4096K, 100% used [0x00000000d5580000,0x00000000d5980000,0x00000000d5980000)
  from space 1536K, 66% used [0x00000000d5980000,0x00000000d5a80000,0x00000000d5b00000)
  to   space 1536K, 70% used [0x00000000d5b00000,0x00000000d5c10000,0x00000000d5c80000)
 ParOldGen       total 280576K, used 280309K [0x0000000080000000, 0x0000000091200000, 0x00000000d5580000)
  object space 280576K, 99% used [0x0000000080000000,0x00000000911bd7b8,0x0000000091200000)
 Metaspace       used 64616K, committed 65984K, reserved 1114112K
  class space    used 6749K, committed 7360K, reserved 1048576K
}

